[debug] [2024-12-08T10:04:01.993Z] ----------------------------------------------------------------------
[debug] [2024-12-08T10:04:01.994Z] Command:       C:\Program Files\nodejs\node.exe C:\Users\owaitmuh\AppData\Roaming\npm\node_modules\firebase-tools\lib\bin\firebase.js deploy
[debug] [2024-12-08T10:04:01.995Z] CLI Version:   13.21.0
[debug] [2024-12-08T10:04:01.995Z] Platform:      win32
[debug] [2024-12-08T10:04:01.995Z] Node Version:  v18.20.5
[debug] [2024-12-08T10:04:01.996Z] Time:          Sun Dec 08 2024 15:04:01 GMT+0500 (Pakistan Standard Time)
[debug] [2024-12-08T10:04:01.996Z] ----------------------------------------------------------------------
[debug] 
[debug] [2024-12-08T10:04:02.000Z] >>> [apiv2][query] GET https://firebase-public.firebaseio.com/cli.json [none]
[debug] [2024-12-08T10:04:02.096Z] > command requires scopes: ["email","openid","https://www.googleapis.com/auth/cloudplatformprojects.readonly","https://www.googleapis.com/auth/firebase","https://www.googleapis.com/auth/cloud-platform"]
[debug] [2024-12-08T10:04:02.097Z] > authorizing via signed-in user (aowais37@gmail.com)
[debug] [2024-12-08T10:04:02.097Z] [iam] checking project ataplus-25f58 for permissions ["firebase.projects.get","firebasehosting.sites.update"]
[debug] [2024-12-08T10:04:02.098Z] Checked if tokens are valid: false, expires at: 1733493068412
[debug] [2024-12-08T10:04:02.098Z] Checked if tokens are valid: false, expires at: 1733493068412
[debug] [2024-12-08T10:04:02.099Z] > refreshing access token with scopes: []
[debug] [2024-12-08T10:04:02.100Z] >>> [apiv2][query] POST https://www.googleapis.com/oauth2/v3/token [none]
[debug] [2024-12-08T10:04:02.100Z] >>> [apiv2][body] POST https://www.googleapis.com/oauth2/v3/token [omitted]
[debug] [2024-12-08T10:04:02.464Z] <<< [apiv2][status] POST https://www.googleapis.com/oauth2/v3/token 200
[debug] [2024-12-08T10:04:02.464Z] <<< [apiv2][body] POST https://www.googleapis.com/oauth2/v3/token [omitted]
[debug] [2024-12-08T10:04:02.483Z] >>> [apiv2][query] POST https://cloudresourcemanager.googleapis.com/v1/projects/ataplus-25f58:testIamPermissions [none]
[debug] [2024-12-08T10:04:02.483Z] >>> [apiv2][(partial)header] POST https://cloudresourcemanager.googleapis.com/v1/projects/ataplus-25f58:testIamPermissions x-goog-quota-user=projects/ataplus-25f58
[debug] [2024-12-08T10:04:02.483Z] >>> [apiv2][body] POST https://cloudresourcemanager.googleapis.com/v1/projects/ataplus-25f58:testIamPermissions {"permissions":["firebase.projects.get","firebasehosting.sites.update"]}
[debug] [2024-12-08T10:04:02.695Z] <<< [apiv2][status] GET https://firebase-public.firebaseio.com/cli.json 200
[debug] [2024-12-08T10:04:02.696Z] <<< [apiv2][body] GET https://firebase-public.firebaseio.com/cli.json {"cloudBuildErrorAfter":1594252800000,"cloudBuildWarnAfter":1590019200000,"defaultNode10After":1594252800000,"minVersion":"3.0.5","node8DeploysDisabledAfter":1613390400000,"node8RuntimeDisabledAfter":1615809600000,"node8WarnAfter":1600128000000}
[debug] [2024-12-08T10:04:03.982Z] <<< [apiv2][status] POST https://cloudresourcemanager.googleapis.com/v1/projects/ataplus-25f58:testIamPermissions 200
[debug] [2024-12-08T10:04:03.982Z] <<< [apiv2][body] POST https://cloudresourcemanager.googleapis.com/v1/projects/ataplus-25f58:testIamPermissions {"permissions":["firebase.projects.get","firebasehosting.sites.update"]}
[debug] [2024-12-08T10:04:03.983Z] Checked if tokens are valid: true, expires at: 1733655841464
[debug] [2024-12-08T10:04:03.983Z] Checked if tokens are valid: true, expires at: 1733655841464
[debug] [2024-12-08T10:04:03.983Z] >>> [apiv2][query] GET https://firebase.googleapis.com/v1beta1/projects/ataplus-25f58 [none]
